  Activating project at `/home/golem/scratch/chans/lincs`
Precompiling JLD2...
┌ Warning: attempting to remove probably stale pidfile
│   path = "/u/chans/.julia/compiled/v1.11/MacroTools/38lnR_8yeYH.ji.pidfile"
└ @ FileWatching.Pidfile ~/.julia/juliaup/julia-1.11.7+0.x64.linux.gnu/share/julia/stdlib/v1.11/FileWatching/src/pidfile.jl:249
┌ Warning: attempting to remove probably stale pidfile
│   path = "/u/chans/.julia/compiled/v1.11/FileIO/6iKRU_8yeYH.ji.pidfile"
└ @ FileWatching.Pidfile ~/.julia/juliaup/julia-1.11.7+0.x64.linux.gnu/share/julia/stdlib/v1.11/FileWatching/src/pidfile.jl:249
   2519.4 ms  ✓ MacroTools
   2828.1 ms  ✓ FileIO
  22500.3 ms  ✓ JLD2
  3 dependencies successfully precompiled in 26 seconds. 29 already precompiled.
Precompiling LincsProject...
    428.2 ms  ✓ WorkerUtilities
    381.5 ms  ✓ LazilyInitializedFields
    497.3 ms  ✓ CodecZlib
    469.1 ms  ✓ Adapt
    533.2 ms  ✓ ProgressBars
    502.9 ms  ✓ JLLWrappers
    576.9 ms  ✓ MPIPreferences
    448.5 ms  ✓ ElasticArrays
    862.1 ms  ✓ FilePathsBase
    612.7 ms  ✓ Hwloc_jll
    604.3 ms  ✓ MicrosoftMPI_jll
    626.2 ms  ✓ libaec_jll
    639.4 ms  ✓ OpenSSL_jll
    540.5 ms  ✓ FilePathsBase → FilePathsBaseMmapExt
   1050.8 ms  ✓ MPItrampoline_jll
   1549.7 ms  ✓ RegistryTools
   1463.7 ms  ✓ RegistryInstances
    984.8 ms  ✓ OpenMPI_jll
   1156.3 ms  ✓ MPICH_jll
    975.7 ms  ✓ LocalRegistry
   1535.1 ms  ✓ HDF5_jll
   5252.4 ms  ✓ HDF5
  11446.6 ms  ✓ Parsers
    548.4 ms  ✓ InlineStrings → ParsersExt
   1187.5 ms  ✓ JSON
    708.2 ms  ✓ WeakRefStrings
   1134.6 ms  ✓ BenchmarkTools
  10028.0 ms  ✓ CSV
   2257.6 ms  ✓ LincsProject
  29 dependencies successfully precompiled in 26 seconds. 58 already precompiled.
Precompiling AdaptSparseArraysExt...
    548.1 ms  ✓ Adapt → AdaptSparseArraysExt
  1 dependency successfully precompiled in 1 seconds. 6 already precompiled.
Precompiling Flux...
    604.4 ms  ✓ PrettyPrint
    648.3 ms  ✓ CEnum
    489.5 ms  ✓ RealDot
    468.4 ms  ✓ CompositionsBase
    613.7 ms  ✓ ArgCheck
    484.6 ms  ✓ DefineSingletons
    666.8 ms  ✓ InverseFunctions
    502.0 ms  ✓ HashArrayMappedTries
    681.4 ms  ✓ ShowCases
    596.0 ms  ✓ NaNMath
    593.9 ms  ✓ DelimitedFiles
    862.2 ms  ✓ AbstractFFTs
   1054.3 ms  ✓ InitialValues
   1106.7 ms  ✓ FillArrays
    435.3 ms  ✓ NameResolution
    428.2 ms  ✓ StaticArraysCore
    489.7 ms  ✓ ConstructionBase
    487.8 ms  ✓ ProgressLogging
    491.3 ms  ✓ CommonSubexpressions
    466.8 ms  ✓ ContextVariablesX
    545.6 ms  ✓ SuiteSparse
    761.8 ms  ✓ SimpleTraits
    851.8 ms  ✓ Functors
    500.4 ms  ✓ InverseFunctions → InverseFunctionsDatesExt
    460.7 ms  ✓ CompositionsBase → CompositionsBaseInverseFunctionsExt
    670.9 ms  ✓ OpenSpecFun_jll
    523.8 ms  ✓ LogExpFunctions → LogExpFunctionsInverseFunctionsExt
    429.7 ms  ✓ ScopedValues
    637.7 ms  ✓ InverseFunctions → InverseFunctionsTestExt
    534.0 ms  ✓ GPUArraysCore
   1097.4 ms  ✓ Baselet
    641.6 ms  ✓ FLoopsBase
   1992.8 ms  ✓ UnsafeAtomics
    481.4 ms  ✓ FillArrays → FillArraysStatisticsExt
   1237.5 ms  ✓ ChainRulesCore
    440.3 ms  ✓ DiffResults
    437.3 ms  ✓ ConstructionBase → ConstructionBaseLinearAlgebraExt
    563.0 ms  ✓ SparseInverseSubset
    624.5 ms  ✓ FillArrays → FillArraysSparseArraysExt
   1346.4 ms  ✓ LLVMExtra_jll
    887.1 ms  ✓ MLCore
    580.1 ms  ✓ Atomix
   1733.5 ms  ✓ IRTools
    843.1 ms  ✓ MLDataDevices
    483.6 ms  ✓ AbstractFFTs → AbstractFFTsChainRulesCoreExt
    599.3 ms  ✓ ChainRulesCore → ChainRulesCoreSparseArraysExt
    711.7 ms  ✓ ZygoteRules
   1264.0 ms  ✓ AbstractFFTs → AbstractFFTsTestExt
    981.5 ms  ✓ Optimisers
    478.9 ms  ✓ MLDataDevices → MLDataDevicesFillArraysExt
    529.5 ms  ✓ MLDataDevices → MLDataDevicesChainRulesCoreExt
    810.1 ms  ✓ StructArrays
    615.5 ms  ✓ MLDataDevices → MLDataDevicesSparseArraysExt
   1276.4 ms  ✓ LogExpFunctions → LogExpFunctionsChainRulesCoreExt
   1081.4 ms  ✓ Setfield
    439.1 ms  ✓ StructArrays → StructArraysAdaptExt
    441.1 ms  ✓ StructArrays → StructArraysGPUArraysCoreExt
    599.7 ms  ✓ StructArrays → StructArraysSparseArraysExt
   2467.0 ms  ✓ SpecialFunctions
   1827.7 ms  ✓ Accessors
    872.8 ms  ✓ SplittablesBase
    532.4 ms  ✓ Accessors → StructArraysExt
    523.4 ms  ✓ Accessors → LinearAlgebraExt
    579.1 ms  ✓ Accessors → TestExt
    657.0 ms  ✓ DiffRules
    790.8 ms  ✓ BangBang
   1629.9 ms  ✓ SpecialFunctions → SpecialFunctionsChainRulesCoreExt
    511.4 ms  ✓ BangBang → BangBangChainRulesCoreExt
    553.8 ms  ✓ BangBang → BangBangStructArraysExt
    545.2 ms  ✓ BangBang → BangBangTablesExt
    693.8 ms  ✓ MicroCollections
   6048.0 ms  ✓ StaticArrays
   3304.6 ms  ✓ ForwardDiff
   5931.5 ms  ✓ LLVM
    669.8 ms  ✓ ConstructionBase → ConstructionBaseStaticArraysExt
    700.0 ms  ✓ StaticArrays → StaticArraysChainRulesCoreExt
    681.8 ms  ✓ Adapt → AdaptStaticArraysExt
    701.2 ms  ✓ StaticArrays → StaticArraysStatisticsExt
    701.2 ms  ✓ StructArrays → StructArraysStaticArraysExt
    702.1 ms  ✓ Accessors → StaticArraysExt
    703.1 ms  ✓ BangBang → BangBangStaticArraysExt
   2536.2 ms  ✓ Transducers
    822.4 ms  ✓ ForwardDiff → ForwardDiffStaticArraysExt
   5364.3 ms  ✓ ChainRules
    677.6 ms  ✓ Transducers → TransducersAdaptExt
    754.0 ms  ✓ MLDataDevices → MLDataDevicesChainRulesExt
   1583.4 ms  ✓ UnsafeAtomics → UnsafeAtomicsLLVM
   1890.3 ms  ✓ GPUArrays
   3048.9 ms  ✓ KernelAbstractions
   1312.6 ms  ✓ MLDataDevices → MLDataDevicesGPUArraysExt
  11673.3 ms  ✓ MLStyle
    671.8 ms  ✓ KernelAbstractions → LinearAlgebraExt
    801.4 ms  ✓ KernelAbstractions → SparseArraysExt
   2080.5 ms  ✓ JuliaVariables
   3976.8 ms  ✓ NNlib
   2644.4 ms  ✓ FLoops
    814.0 ms  ✓ NNlib → NNlibSpecialFunctionsExt
    871.0 ms  ✓ NNlib → NNlibForwardDiffExt
    900.2 ms  ✓ OneHotArrays
    675.9 ms  ✓ MLDataDevices → MLDataDevicesOneHotArraysExt
   4778.6 ms  ✓ MLUtils
   1326.8 ms  ✓ MLDataDevices → MLDataDevicesMLUtilsExt
  21812.9 ms  ✓ Zygote
   1356.1 ms  ✓ MLDataDevices → MLDataDevicesZygoteExt
   4928.8 ms  ✓ Flux
  105 dependencies successfully precompiled in 39 seconds. 62 already precompiled.
Precompiling BangBangDataFramesExt...
   1505.1 ms  ✓ BangBang → BangBangDataFramesExt
  1 dependency successfully precompiled in 2 seconds. 45 already precompiled.
Precompiling FilePathsBaseTestExt...
    957.2 ms  ✓ FilePathsBase → FilePathsBaseTestExt
  1 dependency successfully precompiled in 1 seconds. 14 already precompiled.
Precompiling TransducersDataFramesExt...
   1221.8 ms  ✓ Transducers → TransducersDataFramesExt
  1 dependency successfully precompiled in 2 seconds. 61 already precompiled.
Precompiling CUDA...
    405.5 ms  ✓ LLVMLoopInfo
    423.0 ms  ✓ ExprTools
    443.2 ms  ✓ Scratch
    574.4 ms  ✓ BFloat16s
    562.9 ms  ✓ NVTX_jll
    576.8 ms  ✓ demumble_jll
    568.8 ms  ✓ JuliaNVTXCallbacks_jll
   1006.1 ms  ✓ RandomNumbers
   1083.8 ms  ✓ CUDA_Runtime_Discovery
   1356.1 ms  ✓ CUDA_Driver_jll
   1047.5 ms  ✓ LLVM → BFloat16sExt
    900.1 ms  ✓ Random123
   1932.5 ms  ✓ FixedPointNumbers
   1738.8 ms  ✓ TimerOutputs
   1418.0 ms  ✓ ColorTypes
   2172.6 ms  ✓ CUDA_Runtime_jll
   3449.3 ms  ✓ Colors
   1100.9 ms  ✓ NVTX
  14430.0 ms  ✓ GPUCompiler
  37040.7 ms  ✓ CUDA
   3923.7 ms  ✓ Atomix → AtomixCUDAExt
  21 dependencies successfully precompiled in 58 seconds. 77 already precompiled.
Precompiling ZygoteColorsExt...
   1380.6 ms  ✓ Zygote → ZygoteColorsExt
  1 dependency successfully precompiled in 2 seconds. 90 already precompiled.
Precompiling NNlibCUDAExt...
   3579.9 ms  ✓ CUDA → ChainRulesCoreExt
   3893.3 ms  ✓ NNlib → NNlibCUDAExt
  2 dependencies successfully precompiled in 5 seconds. 105 already precompiled.
Precompiling MLDataDevicesCUDAExt...
   3556.9 ms  ✓ MLDataDevices → MLDataDevicesCUDAExt
  1 dependency successfully precompiled in 4 seconds. 102 already precompiled.
Precompiling FluxCUDAExt...
    352.3 ms  ✓ Flux → FluxCUDAExt
   3707.2 ms  ✓ CUDA → SpecialFunctionsExt
  2 dependencies successfully precompiled in 5 seconds. 203 already precompiled.
Precompiling cuDNN...
   1593.1 ms  ✓ CUDNN_jll
   6261.9 ms  ✓ cuDNN
  2 dependencies successfully precompiled in 8 seconds. 98 already precompiled.
Precompiling NNlibCUDACUDNNExt...
   4038.8 ms  ✓ NNlib → NNlibCUDACUDNNExt
  1 dependency successfully precompiled in 5 seconds. 109 already precompiled.
Precompiling MLDataDevicescuDNNExt...
   3678.9 ms  ✓ MLDataDevices → MLDataDevicescuDNNExt
  1 dependency successfully precompiled in 4 seconds. 105 already precompiled.
Precompiling FluxCUDAcuDNNExt...
   4881.3 ms  ✓ Flux → FluxCUDAcuDNNExt
  1 dependency successfully precompiled in 6 seconds. 209 already precompiled.
Precompiling CairoMakie...
    689.2 ms  ✓ IntegerMathUtils
    795.1 ms  ✓ MuladdMacro
    775.6 ms  ✓ IndirectArrays
    779.8 ms  ✓ PolygonOps
    633.1 ms  ✓ EnumX
    770.8 ms  ✓ Contour
    785.5 ms  ✓ TensorCore
    747.8 ms  ✓ TriplotBase
    604.7 ms  ✓ RoundingEmulator
    615.5 ms  ✓ IntervalSets
    751.0 ms  ✓ Observables
    860.9 ms  ✓ IterTools
    795.1 ms  ✓ AbstractTrees
   1184.6 ms  ✓ OffsetArrays
    428.3 ms  ✓ Ratios
    439.8 ms  ✓ LazyModules
   1320.0 ms  ✓ Format
    568.5 ms  ✓ Extents
    516.5 ms  ✓ MappedArrays
    485.4 ms  ✓ RelocatableFolders
    639.4 ms  ✓ Primes
    540.6 ms  ✓ ColorTypes → StyledStringsExt
    670.5 ms  ✓ WoodburyMatrices
    627.9 ms  ✓ Graphics
    873.8 ms  ✓ PDMats
    490.5 ms  ✓ Ratios → RatiosFixedPointNumbersExt
    668.4 ms  ✓ Animations
   1055.2 ms  ✓ SignedDistanceFields
    620.9 ms  ✓ Libmount_jll
    611.6 ms  ✓ Bzip2_jll
    622.7 ms  ✓ LLVMOpenMP_jll
    630.4 ms  ✓ Rmath_jll
    659.9 ms  ✓ Xorg_libXau_jll
    628.2 ms  ✓ libpng_jll
    609.2 ms  ✓ libfdk_aac_jll
    720.2 ms  ✓ Imath_jll
    656.9 ms  ✓ Giflib_jll
    658.7 ms  ✓ LAME_jll
   1632.9 ms  ✓ AdaptivePredicates
    626.3 ms  ✓ LERC_jll
    604.7 ms  ✓ EarCut_jll
    696.0 ms  ✓ Ogg_jll
    778.1 ms  ✓ CRlibm_jll
   2012.5 ms  ✓ ColorVectorSpace
    857.6 ms  ✓ JpegTurbo_jll
    775.2 ms  ✓ Xorg_libXdmcp_jll
    766.5 ms  ✓ x265_jll
    839.7 ms  ✓ FreeType2_jll
   3191.7 ms  ✓ BaseDirs
    989.4 ms  ✓ x264_jll
   1887.0 ms  ✓ UnicodeFun
    839.6 ms  ✓ libaom_jll
    855.0 ms  ✓ Zstd_jll
    801.4 ms  ✓ Expat_jll
    793.5 ms  ✓ LZO_jll
    760.0 ms  ✓ Opus_jll
    742.1 ms  ✓ Xorg_xtrans_jll
    631.2 ms  ✓ Libiconv_jll
    705.6 ms  ✓ libvorbis_jll
    653.3 ms  ✓ isoband_jll
    660.2 ms  ✓ FriBidi_jll
    817.1 ms  ✓ ColorVectorSpace → SpecialFunctionsExt
    441.6 ms  ✓ IntervalSets → IntervalSetsRandomExt
    469.8 ms  ✓ IntervalSets → IntervalSetsStatisticsExt
    491.7 ms  ✓ Showoff
    696.9 ms  ✓ FilePaths
    496.0 ms  ✓ ConstructionBase → ConstructionBaseIntervalSetsExt
    922.6 ms  ✓ libsixel_jll
    718.5 ms  ✓ ColorBrewer
    498.2 ms  ✓ OffsetArrays → OffsetArraysAdaptExt
    498.8 ms  ✓ StackViews
   1059.2 ms  ✓ QuadGK
    513.2 ms  ✓ PaddedViews
    781.3 ms  ✓ ComputePipeline
   1130.1 ms  ✓ HypergeometricFunctions
    598.2 ms  ✓ Graphite2_jll
    663.7 ms  ✓ AxisAlgorithms
    663.6 ms  ✓ FillArrays → FillArraysPDMatsExt
    701.9 ms  ✓ XZ_jll
    629.7 ms  ✓ Pixman_jll
   1476.8 ms  ✓ QOI
    602.3 ms  ✓ Libffi_jll
    789.8 ms  ✓ OpenEXR_jll
    873.7 ms  ✓ Rmath
    660.8 ms  ✓ Libuuid_jll
   1169.2 ms  ✓ FFTA
    632.3 ms  ✓ OpenBLASConsistentFPCSR_jll
    770.1 ms  ✓ CRlibm
    716.9 ms  ✓ XML2_jll
    527.4 ms  ✓ MosaicViews
    558.7 ms  ✓ Isoband
    866.6 ms  ✓ AxisArrays
   1060.7 ms  ✓ FreeType
   1064.3 ms  ✓ Libtiff_jll
   1390.9 ms  ✓ Xorg_libxcb_jll
    849.5 ms  ✓ Fontconfig_jll
    698.4 ms  ✓ Gettext_jll
    697.4 ms  ✓ Xorg_libX11_jll
   1657.9 ms  ✓ StatsFuns
   2013.4 ms  ✓ Interpolations
   1926.1 ms  ✓ OpenEXR
    844.9 ms  ✓ Glib_jll
   4103.9 ms  ✓ ColorSchemes
    716.5 ms  ✓ Xorg_libXext_jll
    727.1 ms  ✓ Xorg_libXrender_jll
    640.6 ms  ✓ StatsFuns → StatsFunsInverseFunctionsExt
   2257.2 ms  ✓ IntervalArithmetic
    557.5 ms  ✓ IntervalArithmetic → IntervalArithmeticIntervalSetsExt
    678.5 ms  ✓ IntervalArithmetic → IntervalArithmeticSparseArraysExt
    845.4 ms  ✓ Cairo_jll
    891.4 ms  ✓ Libglvnd_jll
    723.6 ms  ✓ IntervalArithmetic → IntervalArithmeticLinearAlgebraExt
   1469.9 ms  ✓ StatsFuns → StatsFunsChainRulesCoreExt
    796.7 ms  ✓ HarfBuzz_jll
   1144.1 ms  ✓ libwebp_jll
    739.1 ms  ✓ libass_jll
    775.7 ms  ✓ Pango_jll
   6234.2 ms  ✓ SIMD
   1221.5 ms  ✓ FFMPEG_jll
   1389.4 ms  ✓ Cairo
   2958.2 ms  ✓ ExactPredicates
   5243.2 ms  ✓ Distributions
   1160.9 ms  ✓ Distributions → DistributionsChainRulesCoreExt
   9183.0 ms  ✓ GeometryBasics
   1091.0 ms  ✓ Packing
   1552.8 ms  ✓ KernelDensity
   7827.5 ms  ✓ PlotUtils
   1538.6 ms  ✓ ShaderAbstractions
   1972.9 ms  ✓ FreeTypeAbstraction
   4393.9 ms  ✓ DelaunayTriangulation
   5326.5 ms  ✓ GridLayoutBase
   8928.4 ms  ✓ Automa
  16363.9 ms  ✓ Unitful
  14744.3 ms  ✓ ImageCore
    831.6 ms  ✓ Unitful → ConstructionBaseUnitfulExt
    806.2 ms  ✓ Unitful → InverseFunctionsUnitfulExt
    817.3 ms  ✓ Unitful → NaNMathExt
    781.4 ms  ✓ Unitful → PrintfExt
   1129.1 ms  ✓ Interpolations → InterpolationsUnitfulExt
   1966.2 ms  ✓ ImageBase
   2439.6 ms  ✓ WebP
   2820.0 ms  ✓ Sixel
   3182.6 ms  ✓ PNGFiles
   3186.9 ms  ✓ JpegTurbo
   1805.9 ms  ✓ ImageAxes
   1096.0 ms  ✓ ImageMetadata
   6177.9 ms  ✓ MathTeXEngine
   1719.9 ms  ✓ Netpbm
  20466.4 ms  ✓ TiffImages
   1034.9 ms  ✓ ImageIO
 116595.3 ms  ✓ Makie
  45787.2 ms  ✓ CairoMakie
  152 dependencies successfully precompiled in 196 seconds. 113 already precompiled.
Precompiling UnitfulExt...
    571.4 ms  ✓ Accessors → UnitfulExt
  1 dependency successfully precompiled in 1 seconds. 16 already precompiled.
Precompiling ForwardDiffExt...
    709.4 ms  ✓ Unitful → ForwardDiffExt
  1 dependency successfully precompiled in 1 seconds. 29 already precompiled.
Precompiling DistributionsTestExt...
   1030.2 ms  ✓ Distributions → DistributionsTestExt
  1 dependency successfully precompiled in 2 seconds. 53 already precompiled.
Precompiling InterpolationsForwardDiffExt...
    928.1 ms  ✓ Interpolations → InterpolationsForwardDiffExt
  1 dependency successfully precompiled in 1 seconds. 53 already precompiled.
Precompiling IntervalArithmeticForwardDiffExt...
    481.7 ms  ✓ IntervalArithmetic → IntervalArithmeticDiffRulesExt
    609.1 ms  ✓ IntervalArithmetic → IntervalArithmeticForwardDiffExt
  2 dependencies successfully precompiled in 1 seconds. 45 already precompiled.
Precompiling IntervalSetsExt...
    501.9 ms  ✓ Accessors → IntervalSetsExt
  1 dependency successfully precompiled in 1 seconds. 15 already precompiled.
  Activating project at `/home/golem/scratch/chans/lincs`
  Activating project at `/home/golem/scratch/chans/lincs`
  Activating project at `/home/golem/scratch/chans/lincs`
0.0%┣                                                ┫ 0/1 [00:03<00:-3, -3s/it]
[1A100.0%┣███████████████████████████████████████┫ 1/1 [06:07:28<Inf:Inf, InfGs/it]
[1A100.0%┣███████████████████████████████████████┫ 1/1 [06:07:28<Inf:Inf, InfGs/it]
